[INFO] [2020-02-23 11:50:00,430 +0200[ - UnifiedAgent version (pluginVersion) : 20.1.2-SNAPSHOT
[INFO] [2020-02-23 11:50:00,712 +0200[ - 
------------------------------------------------------------------------
-------------------- Start: Fetch Configuration ------------------------
------------------------------------------------------------------------
[INFO] [2020-02-23 11:50:00,712 +0200[ - 
------------------------------------------------------------------------
-------------------- End: Fetch Configuration --------------------------
------------------------------------------------------------------------
[INFO] [2020-02-23 11:50:00,759 +0200[ - 
##### general #####
wss.url=http://localhost:8089/agent
userKey=******
updateInventory=true
resolveAllDependencies=false
requireKnownSha1=false
projectTag=
projectName=echoserver
productName=gradle_multi_module
log.level=debug
includes=**/*.java**/*.c**/*.c,**/*.cc,**/*.cp,**/*.cpp,**/*.cxx,**/*.c++,**/*.h,**/*.gem,**/*.tgz,**/*.dll,**/*.py,**/*.jar,**/*.rb,**/*.php,**/*.rpm,**/*.java**/*nupkg**/*.zip
ignoreSourceFiles=true
generateScanReport=true
forceUpdate=true
enableImpactAnalysis=true
configFilePath=C:\Users\ErezHuberman\Documents\===MVN===\whitesource-fs-agent.config
checkPolicies=true
appPath=C:/Users/ErezHuberman/Documents/===GRADLE===/multi-project-gradle/echoserver/build/libs/echoserver.jar
apiKey=******
#whiteSourceFolderPath=.
#updateType=OVERRIDE
#updateEmptyProject=true
#scanReportTimeoutMinutes=10
#scanReportFilenameFormat=project_with_timestamp
#scanPackageManager=false
#scanComment=
#requesterEmail=
#recommendationDetector=false
#projectVersion=
#projectToken=
#projectPerFolderIncludes=*
#projectPerFolderExcludes=
#projectPerFolder=false
#productVersion=
#productToken=
#offline.zip=false
#offline.prettyJson=true
#offline=false
#iaLanguage=
#generateProjectDetailsJson=false
#forceUpdate.failBuildOnPolicyViolation=false
#forceCheckAllDependencies=false
#failErrorLevel=DEFAULT
#excludes=
#excludeDependenciesFromNodes=
#euaVul=euaVul.json
#euaRes=euaRes.json
#euaOffline=
#euaDep=euaDep.json
#docker.scanContainers=false
#analyzeMultiModule=
#analyzeFrameworksReference=analyzeFrameworks.txt
#analyzeFrameworks=false

#####  #####
#euaRefactored=false

##### ANT #####
#ant.resolveDependencies=false
#ant.pathIdIncludes=
#ant.external.parameters=

##### archive #####
#archiveIncludes=
#archiveExtractionDepth=0
#archiveExcludes=

##### artifactory #####
#artifactory.userPassword=
#artifactory.userName=
#artifactory.url=
#artifactory.repoKeys=
#artifactory.includes=.*.*
#artifactory.excludes=
#artifactory.enableScan=false
#artifactory.accessToken=

##### bower #####
bower.resolveDependencies=false
#bower.runPreStep=false
#bower.ignoreSourceFiles=true

##### cabal #####
#haskell.resolveDependencies=false

##### cargo #####
#cargo.runPreStep=false
#cargo.resolveDependencies=false
#cargo.ignoreSourceFiles=true

##### cocoapods #####
#cocoapods.runPreStep=false
#cocoapods.resolveDependencies=false
#cocoapods.ignoreSourceFiles=true

##### docker #####
#docker.scanTarFiles=false
#docker.scanImages=false
#docker.scan.maxImages=0
#docker.pull.tags=
#docker.pull.maxImages=10
#docker.pull.images=
#docker.pull.force=false
#docker.pull.enable=false
#docker.pull.digest=
#docker.login.sudo=true
#docker.includes=.*.*
#docker.includeSingleScan=
#docker.excludes=
#docker.delete.force=false
#docker.containerIncludes=.*.*
#docker.containerExcludes=

##### docker artifactory #####
#docker.artifactory.userPassword=
#docker.artifactory.userName=
#docker.artifactory.url=
#docker.artifactory.repositoriesNames=
#docker.artifactory.pullUrl=
#docker.artifactory.enable=false
#docker.artifactory.dockerAccessMethod= 

##### docker aws #####
#docker.aws.registryIds=
#docker.aws.region=east
#docker.aws.enable=false

##### docker azure #####
#docker.azure.userPassword=
#docker.azure.userName=
#docker.azure.registryNames=
#docker.azure.enable=false

##### docker google containers #####
#docker.gcr.repositories=
#docker.gcr.enable=false
#docker.gcr.account=

##### docker hub #####
#docker.hub.userPassword=
#docker.hub.userName=
#docker.hub.organizationsNames=
#docker.hub.enabled=false
#docker.hub.accessToken=

##### environment #####
case.sensitive.glob=false
#followSymbolicLinks=true

##### go #####
#go.resolveDependencies=false
#go.ignoreSourceFiles=true
#go.gogradle.enableTaskAlias=false
#go.glide.ignoreTestPackages=true
#go.dependencyManager=
#go.collectDependenciesAtRuntime=false

##### gradle #####
gradle.resolveDependencies=true
gradle.aggregateModules=true
#gradle.wrapperPath=
#gradle.runPreStep=false
#gradle.runAssembleCommand=true
#gradle.preferredEnvironment=gradle
#gradle.localRepositoryPath=
#gradle.includedScopes=
#gradle.includedConfigurations=
#gradle.includeModules=
#gradle.ignoredScopes=
#gradle.ignoredConfigurations=
#gradle.ignoreSourceFiles=true
#gradle.excludeModules=
#gradle.additionalArguments=

##### hex #####
#hex.runPreStep=false
#hex.resolveDependencies=false
#hex.ignoreSourceFiles=true
#hex.aggregateModules=false

##### html #####
html.resolveDependencies=false

##### maven #####
maven.ignoredScopes=All
maven.aggregateModules=true
#maven.runPreStep=false
#maven.resolveDependencies=false
#maven.projectNameFromDependencyFile=false
#maven.m2RepositoryPath=
#maven.ignoreSourceFiles=true
#maven.ignorePomModules=true
#maven.ignoreMvnTreeErrors=false
#maven.environmentPath=
#maven.downloadMissingDependencies=true
#maven.additionalArguments=

##### npm #####
npm.resolveMainPackageJsonOnly=true
npm.includeDevDependencies=true
#npm.yarnProject=false
#npm.yarn.frozenLockfile=false
#npm.timeoutDependenciesCollectorInSeconds=60
#npm.runPreStep=false
#npm.resolveLockFile=false
#npm.resolveGlobalPackages=false
#npm.resolveDependencies=false
#npm.resolveAdditionalDependencies=false
#npm.removeDuplicateDependencies=true
#npm.projectNameFromDependencyFile=false
#npm.ignoreSourceFiles=true
#npm.ignoreScripts=false
#npm.ignoreNpmLsErrors=false
#npm.ignoreJavaScriptFiles=true
#npm.identifyByNameAndVersion=false
#npm.failOnNpmLsErrors=
#npm.accessToken=

##### nuget #####
#nuget.runPreStep=false
#nuget.restoreDependencies=false
#nuget.resolvePackagesConfigFiles=true
#nuget.resolveNuspecFiles=true
#nuget.resolveDependencies=false
#nuget.resolveCsProjFiles=true
#nuget.preferredEnvironment=
#nuget.packagesDirectory=
#nuget.ignoreSourceFiles=true

##### ocaml #####
#ocaml.switchName=
#ocaml.runPreStep=false
#ocaml.resolveDependencies=false
#ocaml.ignoredScopes=with-test,with-doc
#ocaml.ignoreSourceFiles=true
#ocaml.aggregateModules=false

##### paket #####
#paket.runPreStep=false
#paket.resolveDependencies=false
#paket.ignoredGroups=
#paket.ignoreSourceFiles=true
#paket.exePath=

##### php #####
#php.runPreStep=false
#php.resolveDependencies=false
#php.includeDevDependencies=false
#php.ignoreSourceFiles=true

##### pub #####
#pub.runPreStep=false
#pub.resolveDependencies=false
#pub.ignoreSourceFiles=true
#pub.dependencySourceExclude=

##### python #####
#python.uninstallWssPlugin=false
#python.runPoetryPrepStep=false
#python.runPipenvPreStep=false
#python.resolveSetupPyFiles=false
#python.resolveHierarchyTree=true
#python.resolveGlobalPackages=false
#python.resolveDependencies=false
#python.requirementsFileIncludes=requirements.txt,Pipfile,pyproject.toml
#python.pipenvDevDependencies=false
#python.pipPath=pip
#python.path=python
#python.isWssPluginInstalled=false
#python.installVirtualenv=false
#python.indexUrl=
#python.ignoreSourceFiles=true
#python.ignorePipInstallErrors=false
#python.IgnorePipenvInstallErrors=false

##### r_language #####
#r.runPreStep=false
#r.resolveDependencies=false
#r.packageManager=packrat
#r.ignoreSourceFiles=true
#r.cranMirrorUrl=

##### ruby #####
#ruby.runBundleInstall=false
#ruby.resolveDependencies=false
#ruby.overwriteGemFile=false
#ruby.installMissingGems=false
#ruby.ignoreSourceFiles=true

##### sbt #####
sbt.targetFolder=
#sbt.runPreStep=false
#sbt.resolveDependencies=false
#sbt.includedScopes=compile,runtime
#sbt.ignoreSourceFiles=true
#sbt.aggregateModules=false

##### scm #####
#scm.url=
#scm.tag=
#scm.branch=

##### serverless #####
#serverless.scanFunctions=false
#serverless.region=
#serverless.provider=aws-lambda
#serverless.maxFunctions=10
#serverless.includes=
#serverless.excludes=

[DEBUG] [2020-02-23 11:50:00,837 +0200[ - Available processors (cores): 	8
Free memory (Mb): 	160
Max memory (Mb): 	3038
Total memory (Mb): 	190
Used memory (Mb): 	29

[INFO] [2020-02-23 11:50:00,852 +0200[ - Starting analysis
[INFO] [2020-02-23 11:50:00,852 +0200[ - Scanning directories [C:\Users\ErezHuberman\Documents\===GRADLE===\multi-project-gradle\echoserver] for package dependencies (may take a few minutes)
[INFO] [2020-02-23 11:50:00,852 +0200[ - Included file types: **/*.java**/*.c**/*.c,**/*.cc,**/*.cp,**/*.cpp,**/*.cxx,**/*.c++,**/*.h,**/*.gem,**/*.tgz,**/*.dll,**/*.py,**/*.jar,**/*.rb,**/*.php,**/*.rpm,**/*.java**/*nupkg**/*.zip
[INFO] [2020-02-23 11:50:00,852 +0200[ - Excluded file types: 
[INFO] [2020-02-23 11:50:00,852 +0200[ - 
------------------------------------------------------------------------
-------------------- Start: Scan Files Matching Includes Pattern -------
------------------------------------------------------------------------
[DEBUG] [2020-02-23 11:50:00,852 +0200[ - Scanning C:\Users\ErezHuberman\Documents\===GRADLE===\multi-project-gradle\echoserver
[DEBUG] [2020-02-23 11:50:00,884 +0200[ - Dependency file found location: C:\Users\ErezHuberman\Documents\===GRADLE===\multi-project-gradle\echoserver\build.gradle
[INFO] [2020-02-23 11:50:00,930 +0200[ - Attempting to resolve dependencies
[INFO] [2020-02-23 11:50:00,930 +0200[ - 
------------------------------------------------------------------------
-------------------- Start: Pre-Step And Resolve Dependencies ----------
------------------------------------------------------------------------
[DEBUG] [2020-02-23 11:50:00,946 +0200[ - FilesFrom: GradleDependencyResolver, Dependency file found location: C:\Users\ErezHuberman\Documents\===GRADLE===\multi-project-gradle\echoserver\build.gradle
[DEBUG] [2020-02-23 11:50:00,962 +0200[ - found folders:

[DEBUG] [2020-02-23 11:50:00,962 +0200[ - C:\Users\ErezHuberman\Documents\===GRADLE===\multi-project-gradle
[DEBUG] [2020-02-23 11:50:00,962 +0200[ - 

[DEBUG] [2020-02-23 11:50:00,977 +0200[ - 

[DEBUG] [2020-02-23 11:50:00,977 +0200[ - Finishing reduce dependencies
[INFO] [2020-02-23 11:50:00,977 +0200[ - Trying to resolve GRADLE dependencies
[DEBUG] [2020-02-23 11:50:01,027 +0200[ - CommandLineProcess - executeProcessCommand - start execute command 'cmd /c jdeps.exe -version' in '.'
[DEBUG] [2020-02-23 11:50:01,756 +0200[ - CommandLineProcess - executeProcessCommand - start execute command 'cmd /c gradle -v' in '.'
[DEBUG] [2020-02-23 11:50:07,661 +0200[ - GRADLE installation status: true
[DEBUG] [2020-02-23 11:50:07,661 +0200[ - The command was run under C:\Users\ErezHuberman\Documents\===GRADLE===\multi-project-gradle\echoserver\.
[INFO] [2020-02-23 11:50:07,677 +0200[ - topFolder = C:\Users\ErezHuberman\Documents\===GRADLE===\multi-project-gradle\echoserver
[DEBUG] [2020-02-23 11:50:07,677 +0200[ - topFolder = C:\Users\ErezHuberman\Documents\===GRADLE===\multi-project-gradle\echoserver
[DEBUG] [2020-02-23 11:50:07,677 +0200[ - gradleAggregateModules=true
[WARN] [2020-02-23 11:50:07,677 +0200[ - gradle.localRepositoryPath is not set, gradle will not be able to search dependencies in it's local repositories
[DEBUG] [2020-02-23 11:50:07,708 +0200[ - CommandLineProcess - executeProcessCommand - start execute command 'cmd /c gradle projects' in 'C:\Users\ErezHuberman\Documents\===GRADLE===\multi-project-gradle\echoserver'
[DEBUG] [2020-02-23 11:50:18,449 +0200[ - CommandLineProcess - executeProcessCommand - start execute command 'cmd /c C:\Users\ErezHuberman\Documents\===GRADLE===\multi-project-gradle\echoserver/gradlew projects' in 'C:\Users\ErezHuberman\Documents\===GRADLE===\multi-project-gradle\echoserver'
[DEBUG] [2020-02-23 11:50:18,966 +0200[ - CommandLineProcess - executeProcessCommand - error in execute command 'cmd /c C:\Users\ErezHuberman\Documents\===GRADLE===\multi-project-gradle\echoserver/gradlew projects', Exit Status 1
[DEBUG] [2020-02-23 11:50:18,969 +0200[ - CommandLineProcess - executeProcessCommand - start execute command 'cmd /c gradle projects --info' in 'C:\Users\ErezHuberman\Documents\===GRADLE===\multi-project-gradle\echoserver'
[DEBUG] [2020-02-23 11:50:28,063 +0200[ - CommandLineProcess - executeProcessCommand - start execute command 'cmd /c C:\Users\ErezHuberman\Documents\===GRADLE===\multi-project-gradle\echoserver/gradlew --info' in 'C:\Users\ErezHuberman\Documents\===GRADLE===\multi-project-gradle\echoserver'
[DEBUG] [2020-02-23 11:50:28,314 +0200[ - CommandLineProcess - executeProcessCommand - error in execute command 'cmd /c C:\Users\ErezHuberman\Documents\===GRADLE===\multi-project-gradle\echoserver/gradlew --info', Exit Status 1
[ERROR] [2020-02-23 11:50:28,332 +0200[ - GradleDependencyResolver ran at:C:\Users\ErezHuberman\Documents\===GRADLE===\multi-project-gradle\echoserver and failed with:null
[DEBUG] [2020-02-23 11:50:28,347 +0200[ - error: 
java.lang.NullPointerException: null
	at org.whitesource.agent.dependency.resolver.gradle.GradleDependencyResolver.parseProjectInfo(GradleDependencyResolver.java:248)
	at org.whitesource.agent.dependency.resolver.gradle.GradleDependencyResolver.resolveByModules(GradleDependencyResolver.java:218)
	at org.whitesource.agent.dependency.resolver.gradle.GradleDependencyResolver.resolveDependencies(GradleDependencyResolver.java:177)
	at org.whitesource.agent.dependency.resolver.DependencyResolutionService.resolveDependenciesOfResolver(DependencyResolutionService.java:703)
	at org.whitesource.agent.dependency.resolver.DependencyResolutionService.lambda$resolveDependencies$0(DependencyResolutionService.java:608)
	at java.base/java.util.HashMap.forEach(HashMap.java:1341)
	at org.whitesource.agent.dependency.resolver.DependencyResolutionService.resolveDependencies(DependencyResolutionService.java:607)
	at org.whitesource.agent.FileSystemScanner.createProjects(FileSystemScanner.java:387)
	at org.whitesource.fs.scanOrigins.GeneralScanOrigin.getProjects(GeneralScanOrigin.java:193)
	at org.whitesource.fs.scanOrigins.GeneralScanOrigin.scan(GeneralScanOrigin.java:103)
	at org.whitesource.fs.scanOrigins.ScanOrigin.runOriginScan(ScanOrigin.java:36)
	at org.whitesource.fs.FileSystemAgent.createProjects(FileSystemAgent.java:149)
	at org.whitesource.fs.Main.scanAndSend(Main.java:125)
	at org.whitesource.fs.Main.main(Main.java:99)
[WARN] [2020-02-23 11:50:28,364 +0200[ - gradle.resolveDependencies = true, but resolving dependencies failed
[INFO] [2020-02-23 11:50:28,374 +0200[ - 
------------------------------------------------------------------------------------------------------------------------------------------------------
------------------------------------------------------------- WhiteSource Scan Summary: --------------------------------------------------------------
------------------------------------------------------------------------------------------------------------------------------------------------------
======================================================================================================================================================

======================================================================================================================================================
Step                                              Completion Status               Elapsed                  Comments
======================================================================================================================================================
Fetch Configuration                                  COMPLETED                  00:00:00.277               --------

======================================================================================================================================================
Elapsed running time:                                                           00:00:00.277
======================================================================================================================================================
Process finished with exit code ERROR (-1)
[ERROR] [2020-02-23 11:50:28,375 +0200[ - Effective Usage Analysis will not run if package manager fails to fully resolve dependenciesProcess finished with exit code ERROR (-1) 
